<?xml version="1.0" encoding="UTF-8"?>
<!-- Generated by org.testng.reporters.JUnitReportReporter -->
<testsuite hostname="DESKTOP-7DV3TIM" failures="0" tests="1" name="runner.TestRunner" time="3.032" errors="0" timestamp="10 Aug 2022 19:02:50 GMT" skipped="0">
  <testcase classname="runner.TestRunner" name="runScenario" time="3.032"/>
</testsuite> <!-- runner.TestRunner -->
