<?xml version="1.0" encoding="UTF-8"?>
<!-- Generated by org.testng.reporters.JUnitReportReporter -->
<testsuite hostname="DESKTOP-7DV3TIM" failures="0" tests="1" name="tests.SearchProductTest" time="3.307" errors="0" timestamp="10 Aug 2022 14:21:00 GMT" skipped="0">
  <testcase classname="tests.SearchProductTest" name="UserCanSearchForProducts" time="3.307"/>
</testsuite> <!-- tests.SearchProductTest -->
